Determining if the pthread_create exist failed with the following output:
Change Dir: /home/user/TEST/pcl_mesh_math_test/build/CMakeFiles/CMakeTmp

Run Build Command:"/usr/bin/make" "cmTC_57c59/fast"
/usr/bin/make -f CMakeFiles/cmTC_57c59.dir/build.make CMakeFiles/cmTC_57c59.dir/build
make[1]: 进入目录“/home/user/TEST/pcl_mesh_math_test/build/CMakeFiles/CMakeTmp”
Building C object CMakeFiles/cmTC_57c59.dir/CheckSymbolExists.c.o
/usr/bin/cc    -o CMakeFiles/cmTC_57c59.dir/CheckSymbolExists.c.o   -c /home/user/TEST/pcl_mesh_math_test/build/CMakeFiles/CMakeTmp/CheckSymbolExists.c
Linking C executable cmTC_57c59
/usr/local/bin/cmake -E cmake_link_script CMakeFiles/cmTC_57c59.dir/link.txt --verbose=1
/usr/bin/cc      CMakeFiles/cmTC_57c59.dir/CheckSymbolExists.c.o  -o cmTC_57c59 
CMakeFiles/cmTC_57c59.dir/CheckSymbolExists.c.o：在函数‘main’中：
CheckSymbolExists.c:(.text+0x1b)：对‘pthread_create’未定义的引用
collect2: error: ld returned 1 exit status
CMakeFiles/cmTC_57c59.dir/build.make:86: recipe for target 'cmTC_57c59' failed
make[1]: *** [cmTC_57c59] Error 1
make[1]: 离开目录“/home/user/TEST/pcl_mesh_math_test/build/CMakeFiles/CMakeTmp”
Makefile:121: recipe for target 'cmTC_57c59/fast' failed
make: *** [cmTC_57c59/fast] Error 2

File /home/user/TEST/pcl_mesh_math_test/build/CMakeFiles/CMakeTmp/CheckSymbolExists.c:
/* */
#include <pthread.h>

int main(int argc, char** argv)
{
  (void)argv;
#ifndef pthread_create
  return ((int*)(&pthread_create))[argc];
#else
  (void)argc;
  return 0;
#endif
}

Determining if the function pthread_create exists in the pthreads failed with the following output:
Change Dir: /home/user/TEST/pcl_mesh_math_test/build/CMakeFiles/CMakeTmp

Run Build Command:"/usr/bin/make" "cmTC_d6434/fast"
/usr/bin/make -f CMakeFiles/cmTC_d6434.dir/build.make CMakeFiles/cmTC_d6434.dir/build
make[1]: 进入目录“/home/user/TEST/pcl_mesh_math_test/build/CMakeFiles/CMakeTmp”
Building C object CMakeFiles/cmTC_d6434.dir/CheckFunctionExists.c.o
/usr/bin/cc   -DCHECK_FUNCTION_EXISTS=pthread_create   -o CMakeFiles/cmTC_d6434.dir/CheckFunctionExists.c.o   -c /usr/local/share/cmake-3.13/Modules/CheckFunctionExists.c
Linking C executable cmTC_d6434
/usr/local/bin/cmake -E cmake_link_script CMakeFiles/cmTC_d6434.dir/link.txt --verbose=1
/usr/bin/cc  -DCHECK_FUNCTION_EXISTS=pthread_create    CMakeFiles/cmTC_d6434.dir/CheckFunctionExists.c.o  -o cmTC_d6434 -lpthreads 
/usr/bin/ld: 找不到 -lpthreads
collect2: error: ld returned 1 exit status
CMakeFiles/cmTC_d6434.dir/build.make:86: recipe for target 'cmTC_d6434' failed
make[1]: *** [cmTC_d6434] Error 1
make[1]: 离开目录“/home/user/TEST/pcl_mesh_math_test/build/CMakeFiles/CMakeTmp”
Makefile:121: recipe for target 'cmTC_d6434/fast' failed
make: *** [cmTC_d6434/fast] Error 2


